<?xml version="1.0" encoding="UTF-8"?>
<testng-results skipped="0" failed="0" total="4" passed="4">
  <reporter-output>
  </reporter-output>
  <suite name="Default suite" duration-ms="6078" started-at="2017-07-24T17:04:47Z" finished-at="2017-07-24T17:04:53Z">
    <groups>
    </groups>
    <test name="Default test" duration-ms="6078" started-at="2017-07-24T17:04:47Z" finished-at="2017-07-24T17:04:53Z">
      <class name="bg.pragmatic.datadriven.TestNGDDT">
        <test-method status="PASS" signature="setUp()[pri:0, instance:bg.pragmatic.datadriven.TestNGDDT@47c62251]" name="setUp" is-config="true" duration-ms="4106" started-at="2017-07-24T20:04:47Z" finished-at="2017-07-24T20:04:51Z">
          <reporter-output>
          </reporter-output>
        </test-method> <!-- setUp -->
        <test-method status="PASS" signature="testBMICalculator(java.lang.String, java.lang.String, java.lang.String, java.lang.String)[pri:0, instance:bg.pragmatic.datadriven.TestNGDDT@47c62251]" name="testBMICalculator" duration-ms="358" started-at="2017-07-24T20:04:51Z" data-provider="testData" finished-at="2017-07-24T20:04:52Z">
          <params>
            <param index="0">
              <value>
                <![CDATA[160]]>
              </value>
            </param>
            <param index="1">
              <value>
                <![CDATA[45]]>
              </value>
            </param>
            <param index="2">
              <value>
                <![CDATA[17.6]]>
              </value>
            </param>
            <param index="3">
              <value>
                <![CDATA[Underweight]]>
              </value>
            </param>
          </params>
          <reporter-output>
          </reporter-output>
        </test-method> <!-- testBMICalculator -->
        <test-method status="PASS" signature="testBMICalculator(java.lang.String, java.lang.String, java.lang.String, java.lang.String)[pri:0, instance:bg.pragmatic.datadriven.TestNGDDT@47c62251]" name="testBMICalculator" duration-ms="174" started-at="2017-07-24T20:04:52Z" data-provider="testData" finished-at="2017-07-24T20:04:52Z">
          <params>
            <param index="0">
              <value>
                <![CDATA[168]]>
              </value>
            </param>
            <param index="1">
              <value>
                <![CDATA[70]]>
              </value>
            </param>
            <param index="2">
              <value>
                <![CDATA[24.8]]>
              </value>
            </param>
            <param index="3">
              <value>
                <![CDATA[Normal]]>
              </value>
            </param>
          </params>
          <reporter-output>
          </reporter-output>
        </test-method> <!-- testBMICalculator -->
        <test-method status="PASS" signature="testBMICalculator(java.lang.String, java.lang.String, java.lang.String, java.lang.String)[pri:0, instance:bg.pragmatic.datadriven.TestNGDDT@47c62251]" name="testBMICalculator" duration-ms="166" started-at="2017-07-24T20:04:52Z" data-provider="testData" finished-at="2017-07-24T20:04:52Z">
          <params>
            <param index="0">
              <value>
                <![CDATA[181]]>
              </value>
            </param>
            <param index="1">
              <value>
                <![CDATA[89]]>
              </value>
            </param>
            <param index="2">
              <value>
                <![CDATA[27.2]]>
              </value>
            </param>
            <param index="3">
              <value>
                <![CDATA[Overweight]]>
              </value>
            </param>
          </params>
          <reporter-output>
          </reporter-output>
        </test-method> <!-- testBMICalculator -->
        <test-method status="PASS" signature="testBMICalculator(java.lang.String, java.lang.String, java.lang.String, java.lang.String)[pri:0, instance:bg.pragmatic.datadriven.TestNGDDT@47c62251]" name="testBMICalculator" duration-ms="174" started-at="2017-07-24T20:04:52Z" data-provider="testData" finished-at="2017-07-24T20:04:52Z">
          <params>
            <param index="0">
              <value>
                <![CDATA[178]]>
              </value>
            </param>
            <param index="1">
              <value>
                <![CDATA[100]]>
              </value>
            </param>
            <param index="2">
              <value>
                <![CDATA[31.6]]>
              </value>
            </param>
            <param index="3">
              <value>
                <![CDATA[Obesity]]>
              </value>
            </param>
          </params>
          <reporter-output>
          </reporter-output>
        </test-method> <!-- testBMICalculator -->
        <test-method status="PASS" signature="tearDown()[pri:0, instance:bg.pragmatic.datadriven.TestNGDDT@47c62251]" name="tearDown" is-config="true" duration-ms="1082" started-at="2017-07-24T20:04:52Z" finished-at="2017-07-24T20:04:53Z">
          <reporter-output>
          </reporter-output>
        </test-method> <!-- tearDown -->
      </class> <!-- bg.pragmatic.datadriven.TestNGDDT -->
    </test> <!-- Default test -->
  </suite> <!-- Default suite -->
</testng-results>
