<?xml version="1.0" encoding="UTF-8"?>
<!-- Generated by org.testng.reporters.JUnitXMLReporter -->
<testsuite hostname="DESKTOP-GQUOU22" name="Default test" tests="4" failures="0" timestamp="24 Jul 2017 17:04:53 GMT" time="6.078" errors="0">
  <testcase name="testBMICalculator" time="0.358" classname="bg.pragmatic.datadriven.TestNGDDT"/>
  <testcase name="testBMICalculator" time="0.174" classname="bg.pragmatic.datadriven.TestNGDDT"/>
  <testcase name="testBMICalculator" time="0.166" classname="bg.pragmatic.datadriven.TestNGDDT"/>
  <testcase name="testBMICalculator" time="0.174" classname="bg.pragmatic.datadriven.TestNGDDT"/>
</testsuite> <!-- Default test -->
